<?xml version="1.0" encoding="UTF-8"?>
<!-- Generated by org.testng.reporters.JUnitReportReporter -->
<testsuite hostname="Hebas-Air" failures="0" tests="2" name="rahulshettyacademy.Tests.SubmitOrderTest" time="57.009" errors="0" timestamp="2024-03-22T01:00:00 GST" skipped="0">
  <testcase classname="rahulshettyacademy.Tests.SubmitOrderTest" name="SubmitOrderCheck" time="29.408"/>
  <testcase classname="rahulshettyacademy.Tests.SubmitOrderTest" name="SubmitOrderCheck" time="27.601"/>
</testsuite> <!-- rahulshettyacademy.Tests.SubmitOrderTest -->
