<?xml version="1.0" encoding="UTF-8"?>
<!-- Generated by org.testng.reporters.JUnitReportReporter -->
<testsuite hostname="Hebas-Air" failures="0" tests="2" name="rahulshettyacademy.Tests.AppTest2" time="49.522" errors="0" timestamp="2024-03-12T03:04:56 GST" skipped="0">
  <testcase classname="rahulshettyacademy.Tests.AppTest2" name="SubmitOrderCheck" time="32.744"/>
  <testcase classname="rahulshettyacademy.Tests.AppTest2" name="LoginCheck" time="16.778"/>
</testsuite> <!-- rahulshettyacademy.Tests.AppTest2 -->
