<?xml version="1.0" encoding="UTF-8"?>
<!-- Generated by org.testng.reporters.JUnitReportReporter -->
<testsuite hostname="Hebas-Air" failures="0" tests="2" name="rahulshettyacademy.Tests.ErrorValidationsTest" time="35.717" errors="0" timestamp="2024-03-22T01:00:00 GST" skipped="0">
  <testcase classname="rahulshettyacademy.Tests.ErrorValidationsTest" name="VerifyOrderNameCheck" time="24.469"/>
  <testcase classname="rahulshettyacademy.Tests.ErrorValidationsTest" name="LoginCheck" time="11.248"/>
</testsuite> <!-- rahulshettyacademy.Tests.ErrorValidationsTest -->
