<?xml version="1.0" encoding="UTF-8"?>
<!-- Generated by org.testng.reporters.JUnitReportReporter -->
<testsuite hostname="Hebas-Air" failures="0" tests="2" name="cucumber.TestNGTestRunner" time="169.849" errors="0" timestamp="2024-03-17T15:28:31 GST" skipped="0">
  <testcase classname="cucumber.TestNGTestRunner" name="runScenario" time="78.270"/>
  <testcase classname="cucumber.TestNGTestRunner" name="runScenario" time="91.579"/>
</testsuite> <!-- cucumber.TestNGTestRunner -->
