<?xml version="1.0" encoding="UTF-8"?>
<!-- Generated by org.testng.reporters.JUnitReportReporter -->
<testsuite hostname="Hebas-Air" failures="0" tests="2" name="rahulshettyacademy.Tests.ErrorValidationsTest" time="182.450" errors="0" timestamp="2024-03-15T02:14:23 GST" skipped="0">
  <testcase classname="rahulshettyacademy.Tests.ErrorValidationsTest" name="VerifyOrderNameCheck" time="68.919"/>
  <testcase classname="rahulshettyacademy.Tests.ErrorValidationsTest" name="LoginCheck" time="113.531"/>
</testsuite> <!-- rahulshettyacademy.Tests.ErrorValidationsTest -->
