<?xml version="1.0" encoding="UTF-8"?>
<!-- Generated by org.testng.reporters.JUnitReportReporter -->
<testsuite hostname="Hebas-Air" failures="0" tests="1" name="rahulshettyacademy.Tests.ErrorValidates" time="14.931" errors="0" timestamp="2024-03-12T03:00:31 GST" skipped="0">
  <testcase classname="rahulshettyacademy.Tests.ErrorValidates" name="SubmitOrder" time="14.931"/>
</testsuite> <!-- rahulshettyacademy.Tests.ErrorValidates -->
