<?xml version="1.0" encoding="UTF-8"?>
<!-- Generated by org.testng.reporters.JUnitReportReporter -->
<testsuite hostname="Hebas-Air" failures="0" tests="1" name="cucumber.TestNGTestRunner" time="70.117" errors="0" timestamp="2024-03-21T03:11:45 GST" skipped="0">
  <testcase classname="cucumber.TestNGTestRunner" name="runScenario" time="70.117"/>
</testsuite> <!-- cucumber.TestNGTestRunner -->
