<?xml version="1.0" encoding="UTF-8"?>
<!-- Generated by org.testng.reporters.JUnitReportReporter -->
<testsuite hostname="Hebas-Air" failures="0" tests="2" name="rahulshettyacademy.Tests.SubmitOrderTest" time="57.790" errors="0" timestamp="2024-03-22T01:05:58 GST" skipped="0">
  <testcase classname="rahulshettyacademy.Tests.SubmitOrderTest" name="SubmitOrderCheck" time="27.624"/>
  <testcase classname="rahulshettyacademy.Tests.SubmitOrderTest" name="SubmitOrderCheck" time="30.166"/>
</testsuite> <!-- rahulshettyacademy.Tests.SubmitOrderTest -->
